[2021-08-06 21:33:29,544] INFO [GroupCoordinator 0]: Preparing to rebalance group connect-cluster in state PreparingRebalance with old generation 1 (__consumer_offsets-13) (reason: leader connect-1-9eee23b7-57dc-40ab-a65e-4839a524b2d8 re-joining group during Stable) (kafka.coordinator.group.GroupCoordinator)
[2021-08-06 21:33:29,546] INFO [GroupCoordinator 0]: Stabilized group connect-cluster generation 2 (__consumer_offsets-13) with 1 members (kafka.coordinator.group.GroupCoordinator)
[2021-08-06 21:33:29,549] INFO [GroupCoordinator 0]: Assignment received from leader for group connect-cluster for generation 2. The group has 1 members, 0 of which are static. (kafka.coordinator.group.GroupCoordinator)
[2021-08-06 21:33:30,046] INFO [GroupCoordinator 0]: Preparing to rebalance group connect-cluster in state PreparingRebalance with old generation 2 (__consumer_offsets-13) (reason: leader connect-1-9eee23b7-57dc-40ab-a65e-4839a524b2d8 re-joining group during Stable) (kafka.coordinator.group.GroupCoordinator)
[2021-08-06 21:33:30,046] INFO [GroupCoordinator 0]: Stabilized group connect-cluster generation 3 (__consumer_offsets-13) with 1 members (kafka.coordinator.group.GroupCoordinator)
[2021-08-06 21:33:30,047] INFO [GroupCoordinator 0]: Assignment received from leader for group connect-cluster for generation 3. The group has 1 members, 0 of which are static. (kafka.coordinator.group.GroupCoordinator)
[2021-08-06 21:33:30,083] INFO Creating topic orders with configuration {} and initial partition assignment HashMap(0 -> ArrayBuffer(0)) (kafka.zk.AdminZkClient)
[2021-08-06 21:33:30,156] INFO [GroupCoordinator 0]: Preparing to rebalance group connect-my-order-sink-connect in state PreparingRebalance with old generation 0 (__consumer_offsets-23) (reason: Adding new member connector-consumer-my-order-sink-connect-0-8c8565a9-cc9e-45e6-9c3a-e196ac5b7594 with group instance id None) (kafka.coordinator.group.GroupCoordinator)
[2021-08-06 21:33:30,156] INFO [GroupCoordinator 0]: Stabilized group connect-my-order-sink-connect generation 1 (__consumer_offsets-23) with 1 members (kafka.coordinator.group.GroupCoordinator)
[2021-08-06 21:33:30,244] INFO [ReplicaFetcherManager on broker 0] Removed fetcher for partitions Set(orders-0) (kafka.server.ReplicaFetcherManager)
[2021-08-06 21:33:30,250] INFO [Log partition=orders-0, dir=/tmp/kafka-logs] Loading producer state till offset 0 with message format version 2 (kafka.log.Log)
[2021-08-06 21:33:30,251] INFO Created log for partition orders-0 in /tmp/kafka-logs/orders-0 with properties {compression.type -> producer, min.insync.replicas -> 1, message.downconversion.enable -> true, segment.jitter.ms -> 0, cleanup.policy -> [delete], flush.ms -> 9223372036854775807, retention.ms -> 604800000, segment.bytes -> 1073741824, flush.messages -> 9223372036854775807, message.format.version -> 2.8-IV1, max.compaction.lag.ms -> 9223372036854775807, file.delete.delay.ms -> 60000, max.message.bytes -> 1048588, min.compaction.lag.ms -> 0, message.timestamp.type -> CreateTime, preallocate -> false, index.interval.bytes -> 4096, min.cleanable.dirty.ratio -> 0.5, unclean.leader.election.enable -> false, retention.bytes -> -1, delete.retention.ms -> 86400000, segment.ms -> 604800000, message.timestamp.difference.max.ms -> 9223372036854775807, segment.index.bytes -> 10485760}. (kafka.log.LogManager)
[2021-08-06 21:33:30,251] INFO [Partition orders-0 broker=0] No checkpointed highwatermark is found for partition orders-0 (kafka.cluster.Partition)
[2021-08-06 21:33:30,251] INFO [Partition orders-0 broker=0] Log loaded for partition orders-0 with initial high watermark 0 (kafka.cluster.Partition)
[2021-08-06 21:33:30,258] INFO [GroupCoordinator 0]: Assignment received from leader for group connect-my-order-sink-connect for generation 1. The group has 1 members, 0 of which are static. (kafka.coordinator.group.GroupCoordinator)
[2021-08-06 21:36:21,250] INFO [GroupCoordinator 0]: Preparing to rebalance group console-consumer-67326 in state PreparingRebalance with old generation 0 (__consumer_offsets-5) (reason: Adding new member consumer-console-consumer-67326-1-6d41f053-3d22-4fea-a1da-956e5a0c5c0b with group instance id None) (kafka.coordinator.group.GroupCoordinator)
[2021-08-06 21:36:21,250] INFO [GroupCoordinator 0]: Stabilized group console-consumer-67326 generation 1 (__consumer_offsets-5) with 1 members (kafka.coordinator.group.GroupCoordinator)
[2021-08-06 21:36:21,253] INFO [GroupCoordinator 0]: Assignment received from leader for group console-consumer-67326 for generation 1. The group has 1 members, 0 of which are static. (kafka.coordinator.group.GroupCoordinator)
[2021-08-06 21:43:59,669] INFO [GroupCoordinator 0]: Member[group.instance.id None, member.id consumer-consumerGroupId-1-ab1c7070-68d1-40f2-8987-787c9d2344b9] in group consumerGroupId has left, removing it from the group (kafka.coordinator.group.GroupCoordinator)
[2021-08-06 21:43:59,670] INFO [GroupCoordinator 0]: Preparing to rebalance group consumerGroupId in state PreparingRebalance with old generation 3 (__consumer_offsets-20) (reason: removing member consumer-consumerGroupId-1-ab1c7070-68d1-40f2-8987-787c9d2344b9 on LeaveGroup) (kafka.coordinator.group.GroupCoordinator)
[2021-08-06 21:43:59,670] INFO [GroupCoordinator 0]: Group consumerGroupId with generation 4 is now empty (__consumer_offsets-20) (kafka.coordinator.group.GroupCoordinator)
[2021-08-06 21:44:48,400] INFO [GroupCoordinator 0]: Preparing to rebalance group consumerGroupId in state PreparingRebalance with old generation 4 (__consumer_offsets-20) (reason: Adding new member consumer-consumerGroupId-1-91459bfd-7150-4749-9224-0bebd3e3334b with group instance id None) (kafka.coordinator.group.GroupCoordinator)
[2021-08-06 21:44:48,401] INFO [GroupCoordinator 0]: Stabilized group consumerGroupId generation 5 (__consumer_offsets-20) with 1 members (kafka.coordinator.group.GroupCoordinator)
[2021-08-06 21:44:48,405] INFO [GroupCoordinator 0]: Assignment received from leader for group consumerGroupId for generation 5. The group has 1 members, 0 of which are static. (kafka.coordinator.group.GroupCoordinator)
